<?xml version="1.0" encoding="UTF-8"?>
<!-- Generated by org.testng.reporters.JUnitReportReporter -->
<testsuite hostname="LAPTOP-IKS9SD1L" failures="0" tests="5" name="kite.qa.testScripts.LoginPageTest" time="25.595" errors="0" timestamp="2021-08-24T07:45:00 IST" skipped="0">
  <testcase classname="kite.qa.testScripts.LoginPageTest" name="checkTitleTest" time="4.628"/>
  <system-out/>
  <testcase classname="kite.qa.testScripts.LoginPageTest" name="checkLogoTest" time="5.439"/>
  <system-out/>
  <testcase classname="kite.qa.testScripts.LoginPageTest" name="checkHeaderTest" time="4.727"/>
  <system-out/>
  <testcase classname="kite.qa.testScripts.LoginPageTest" name="checkForgotPasswordLinkTest" time="5.269"/>
  <system-out/>
  <testcase classname="kite.qa.testScripts.LoginPageTest" name="checkSignUpTest" time="5.532"/>
  <system-out/>
</testsuite> <!-- kite.qa.testScripts.LoginPageTest -->
